<TEI xmlns="http://www.tei-c.org/ns/1.0" xml:id="uuid-262fa13d-659d-4382-81ed-fef27a45b936" version="3.3.0" source="0.18">
    <teiHeader>
        <fileDesc>
            <titleStmt>
                <title/>
                <author/>
                <editor role="reviewer"/>
            </titleStmt>
            <publicationStmt>
                <publisher>Linguistic Institute of the Romanian Academy</publisher>
            </publicationStmt>
            <sourceDesc>
                <p>born digital</p>
            </sourceDesc>
        </fileDesc>
        <profileDesc>
            <creation>
                <date when-iso="2017-10-31T11:14:55+0200"/>
            </creation>
        </profileDesc>
    </teiHeader>
    <text type="editing-mode-dlr">
        <body>
            <entry>
                <form type="headword">
                    <orth n=""/><stress xml:lang="ro-x-accent-upcase-vowels"/>
                    <syll/>
                    <pron/>
                </form>
                <gramGrp>
                    <pos value=""/>
                </gramGrp>
                <dictScrap xml:id="dlr-senses">
                    <sense xml:id="uuid-02150400-66fc-4dc1-8092-570dc7df1476" n="">
                        <def xml:id="uuid-3c10af1a-5f51-4d7a-9de3-104743f560bd"/>
                        <cit>
                            <quote/>
                            <bibl type="unknown">
                                <ptr target="unknown"/>
                                <date/>
                                <citedRange/>
                            </bibl>
                        </cit>
                    </sense>
                </dictScrap>
                <dictScrap xml:id="dex-senses">
                    <sense xml:id="uuid-ec2cd8f4-07ee-4f4d-9cf5-4f964969a584" n="">
                        <def xml:id="uuid-e6033d20-9363-4407-8df7-80f5fbe42994"/>
                        <cit>
                            <quote/>
                            <bibl type="unknown">
                                <ptr target="unknown"/>
                                <date/>
                                <citedRange/>
                            </bibl>
                        </cit>
                    </sense>
                </dictScrap>
                <form type="grammatical-information">
                    <idno type="grammatical-information-type-for-adj-et-al"/>
                    <idno type="grammatical-information-subtype-for-pl"/>
                    <form type="grammatical-information-for-plural" corresp="II 1, 3, 4">
                        <number>mălaie</number>
                    </form>
                    <form type="grammatical-information-for-plural" corresp="">
                        <bibl type="unknown">
                            <ptr target="TDRG (DA) TDRG | TDRG I"/>
                            <date/>
                            <citedRange/>
                        </bibl>
                        <number>mălaiuri</number>
                    </form>
                </form>
                <etym cert="high">
                    <idno type="unknown"/>
                </etym>
            </entry>
        </body>
    </text>
</TEI>