<?xml version="1.0" encoding="UTF-8"?>
<TEI xmlns="http://www.tei-c.org/ns/1.0" xml:id="uuid-bc176a42-4ff2-4e43-bc83-f0b294470511" version="3.3.0" source="0.18">
    <teiHeader>
        <fileDesc>
            <titleStmt>
                <title/>
                <author/>
                <editor role="reviewer"/>
            </titleStmt>
            <publicationStmt>
                <publisher>Linguistic Institute of the Romanian Academy</publisher>
            </publicationStmt>
            <sourceDesc>
                <p>born digital</p>
            </sourceDesc>
        </fileDesc>
        <profileDesc>
            <creation>
                <date when-iso="2017-10-31T12:30:31+0200"/>
            </creation>
        </profileDesc>
    </teiHeader>
    <text type="editing-mode-dlr">
        <body>
            <entry>
                <form type="headword">
                    <orth n=""/><stress xml:lang="ro-x-accent-upcase-vowels"/>
                    <syll/>
                    <pron/>
                </form>
                <gramGrp>
                    <pos value=""/>
                </gramGrp>
                <dictScrap xml:id="dlr-senses">
                    <sense xml:id="uuid-ab307180-10c6-4267-80d7-6f2ab7a55312" n="">
                        <def xml:id="uuid-4c16a446-1557-4cf7-a669-0bd5265e3c5c"/>
                        <cit>
                            <quote/>
                            <bibl type="unknown">
                                <ptr target="unknown"/>
                                <date/>
                                <citedRange/>
                            </bibl>
                        </cit>
                    </sense>
                </dictScrap>
                <dictScrap xml:id="dex-senses">
                    <sense xml:id="uuid-47bab196-6868-4548-8837-c3e7958fc767" n="">
                        <def xml:id="uuid-067025ab-02f5-4b58-b8e8-73cff97cc9b9"/>
                        <cit>
                            <quote/>
                            <bibl type="unknown">
                                <ptr target="unknown"/>
                                <date/>
                                <citedRange/>
                            </bibl>
                        </cit>
                    </sense>
                </dictScrap>
                <form type="abbreviation">
                    <abbr>d-lui</abbr>
                </form>
                <form type="grammatical-information">
                    <idno type="grammatical-information-type-for-adj-et-al"/>
                    <idno type="grammatical-information-subtype-for-pl"/>
                    <form type="grammatical-information-for-plural" corresp="">
                        <number>dumnealor</number>
                    </form>
                </form>
                <re type="lexical-variant-section">
                    <usg type="time" value="înv." rend=""/>
                    <def xml:id="uuid-9730030f-d839-4b87-b83c-21d263ee274b">dumnelúi</def>
                    <gramGrp>
                        <pos value=""/>
                    </gramGrp>
                </re>
                <re type="lexical-variant-section">
                    <usg type="time" value="înv." rend=""/>
                    <def xml:id="uuid-b0922307-e94e-4767-9212-ea78420ada74">dumnilúi</def>
                    <gramGrp>
                        <pos value=""/>
                    </gramGrp>
                </re>
                <re type="lexical-variant-section">
                    <usg type="time" value="înv." rend=""/>
                    <bibl type="unknown">
                        <ptr target="BUL. FIL. XI/XII | Bul. Fil. XI/XII"/>
                        <date>1934</date>
                        <citedRange>130</citedRange>
                    </bibl>
                    <def xml:id="uuid-a31e6bd9-0848-460a-a344-a42ebb601dd0">dumialúi</def>
                    <gramGrp>
                        <pos value=""/>
                    </gramGrp>
                </re>
                <re type="lexical-variant-section">
                    <usg type="time" value="înv." rend=""/>
                    <bibl type="unknown">
                        <ptr target="BUL. FIL. XI/XII | Bul. Fil. XI/XII"/>
                        <date>1934</date>
                        <citedRange>130</citedRange>
                    </bibl>
                    <def xml:id="uuid-a26c81a0-8c50-492d-b5cb-7072f526c8fa">dumielúi</def>
                    <gramGrp>
                        <pos value=""/>
                    </gramGrp>
                </re>
                <re type="lexical-variant-section">
                    <usg type="time" value="înv." rend=""/>
                    <bibl type="unknown">
                        <ptr target="BUL. FIL. XI/XII | Bul. Fil. XI/XII"/>
                        <date>1934</date>
                        <citedRange>122</citedRange>
                    </bibl>
                    <def xml:id="uuid-08a65926-84b1-4327-9408-cb4882822809">dumilúi</def>
                    <gramGrp>
                        <pos value=""/>
                    </gramGrp>
                </re>
                <re type="lexical-variant-section">
                    <usg type="time" value="înv." rend=""/>
                    <bibl type="unknown">
                        <ptr target="BUL. FIL. XI/XII | Bul. Fil. XI/XII"/>
                        <date>1934</date>
                        <citedRange>123</citedRange>
                    </bibl>
                    <def xml:id="uuid-d9d6a57f-e743-438c-8d7a-7623731fe757">dumulúi</def>
                    <gramGrp>
                        <pos value=""/>
                    </gramGrp>
                </re>
                <re type="lexical-variant-section">
                    <def xml:id="uuid-dace8edd-b5d5-4656-9ad8-84df6de0a014">domnealúi</def>
                    <gramGrp>
                        <pos value=""/>
                    </gramGrp>
                </re>
                <re type="lexical-variant-section">
                    <def xml:id="uuid-0ae9b88d-ed5c-4f21-a189-902791a8a934">domnilói</def>
                    <gramGrp>
                        <pos value="pron."/>
                        <subc value="de politeţe"/>
                        <gen value="m."/>
                        <per value=""/>
                        <number value=""/>
                        <subc value=""/>
                    </gramGrp>
                </re>
                <re type="lexical-variant-section">
                    <def xml:id="uuid-28b71c05-5b30-4855-afd6-b4104154752d">dumneei</def>
                    <gramGrp>
                        <pos value="pron."/>
                        <subc value="de politeţe"/>
                        <gen value="f."/>
                        <per value=""/>
                        <number value=""/>
                        <subc value=""/>
                    </gramGrp>
                </re>
                <etym cert="high">
                    <idno type="unknown"/>
                </etym>
            </entry>
        </body>
    </text>
</TEI>