<?xml version="1.0" encoding="UTF-8"?>
<TEI xmlns="http://www.tei-c.org/ns/1.0" xml:id="uuid-3b4028c2-c99a-41a3-9b77-fee375677f03" version="3.3.0" source="0.18">
    <teiHeader>
        <fileDesc>
            <titleStmt>
                <title/>
                <author/>
                <editor role="reviewer"/>
            </titleStmt>
            <publicationStmt>
                <publisher>Linguistic Institute of the Romanian Academy</publisher>
            </publicationStmt>
            <sourceDesc>
                <p>born digital</p>
            </sourceDesc>
        </fileDesc>
        <profileDesc>
            <creation>
                <date when-iso="2017-10-30T14:51:21+0200"/>
            </creation>
        </profileDesc>
    </teiHeader>
    <text type="editing-mode-dlr">
        <body>
            <entry>
                <form type="headword">
                    <orth n=""/><stress xml:lang="ro-x-accent-upcase-vowels"/>
                    <syll/>
                    <pron/>
                </form>
                <gramGrp>
                    <pos value=""/>
                </gramGrp>
                <dictScrap xml:id="dlr-senses">
                    <sense xml:id="uuid-d6b8e153-5983-440e-af48-cce56e58997b" n="">
                        <def xml:id="uuid-1ab48bff-91c3-47d3-a701-524d0736e6be"/>
                        <cit>
                            <quote/>
                            <bibl type="unknown">
                                <ptr target="unknown"/>
                                <date/>
                                <citedRange/>
                            </bibl>
                        </cit>
                    </sense>
                </dictScrap>
                <dictScrap xml:id="dex-senses">
                    <sense xml:id="uuid-b690ae39-d130-4976-8a53-7979f08e87b4" n="">
                        <def xml:id="uuid-d76b2d9d-5251-48e6-9545-672277e69666"/>
                        <cit>
                            <quote/>
                            <bibl type="unknown">
                                <ptr target="unknown"/>
                                <date/>
                                <citedRange/>
                            </bibl>
                        </cit>
                    </sense>
                </dictScrap>
                <form type="grammatical-information">
                    <idno type="grammatical-information-type-for-adj-et-al"/>
                    <idno type="grammatical-information-subtype-for-pl"/>
                    <form type="grammatical-information-for-plural" corresp="">
                        <bibl type="unknown">
                            <ptr target="POLIZU | POLIZU, V."/>
                            <date>1875</date>
                            <citedRange/>
                        </bibl>
                        <bibl type="unknown">
                            <ptr target="ALR II | ALR II IIALR"/>
                            <date/>
                            <citedRange>3 979/195</citedRange>
                        </bibl>
                        <bibl type="unknown">
                            <ptr target="ALR II | ALR II II"/>
                            <date/>
                            <citedRange>6 670/791</citedRange>
                        </bibl>
                        <bibl type="unknown">
                            <ptr target="ALR SN I | ALR (SN) I"/>
                            <date/>
                            <citedRange>h 233</citedRange>
                        </bibl>
                        <number>măiuge</number>
                    </form>
                    <form type="grammatical-information-for-plural" corresp="">
                        <bibl type="unknown">
                            <ptr target="ALR I (DA) ALR I… | ALR I Partea I"/>
                            <date/>
                            <citedRange>723/148, 150</citedRange>
                        </bibl>
                        <number>măiuguri</number>
                    </form>
                    <form type="grammatical-information-for-plural" corresp="">
                        <number>măiugi</number>
                        <usg type="plev" value="rar" rend=","/>
                        <usg type="gram" value="la.m." rend=""/>
                    </form>
                </form>
                <re type="lexical-variant-section">
                    <usg type="geo" value="regional" rend=""/>
                    <bibl type="unknown">
                        <ptr target="ALR II | ALR II II"/>
                        <date/>
                        <citedRange>6 454/784</citedRange>
                    </bibl>
                    <def xml:id="uuid-c14f3289-4bfd-42ec-850f-674ab43adfae">măiúc</def>
                    <gramGrp>
                        <pos value=""/>
                    </gramGrp>
                    <form type="grammatical-information">
                        <idno type="grammatical-information-type-for-adj-et-al"/>
                        <idno type="grammatical-information-subtype-for-pl"/>
                        <form type="grammatical-information-for-plural" corresp="">
                            <number> măiuci</number>
                        </form>
                    </form>
                </re>
                <etym cert="high">
                    <idno type="unknown"/>
                </etym>
            </entry>
        </body>
    </text>
</TEI>