<?xml version="1.0" encoding="UTF-8"?>
<TEI xmlns="http://www.tei-c.org/ns/1.0" xml:id="uuid-9bdad1d3-c617-4b3a-acb2-5ef701d33697" version="3.3.0" source="0.18">
    <teiHeader>
        <fileDesc>
            <titleStmt>
                <title/>
                <author/>
                <editor role="reviewer"/>
            </titleStmt>
            <publicationStmt>
                <publisher>Linguistic Institute of the Romanian Academy</publisher>
            </publicationStmt>
            <sourceDesc>
                <p>born digital</p>
            </sourceDesc>
        </fileDesc>
        <profileDesc>
            <creation>
                <date when-iso="2017-10-31T14:03:15+0200"/>
            </creation>
        </profileDesc>
    </teiHeader>
    <text type="editing-mode-dlr">
        <body>
            <entry>
                <form type="headword">
                    <orth n=""/><stress xml:lang="ro-x-accent-upcase-vowels"/>
                    <syll/>
                    <pron/>
                </form>
                <gramGrp>
                    <pos value=""/>
                </gramGrp>
                <dictScrap xml:id="dlr-senses">
                    <sense xml:id="uuid-55e258bf-258b-4394-a156-dc7169c0f413" n="◊">
                        <form type="unitate-semantică-subsumată">
                            <usg type="register style" value="popular" rend=""/>
                            <idno n="tip-unitate-semantică-subsumată" type="phrase adjectival-locution"/>
                            <term>Bătut de Dumnezeu</term>
                        </form>
                        <def xml:id="uuid-54204ed0-8280-42a5-aa49-14356d709b31"/>
                        <ptr targetLang="" type="syn" subtype="unknown" target="năpăstuit (1)" corresp="#uuid-54204ed0-8280-42a5-aa49-14356d709b31"/>
                        <ptr targetLang="" type="syn" subtype="unknown" target="nenorocit (1)" corresp="#uuid-54204ed0-8280-42a5-aa49-14356d709b31"/>
                        <cit>
                            <quote>Cunosc măicuţă … un popă ş-un birău Ş-un bătut de
                                Dumnezeu.</quote>
                            <bibl type="unknown">
                                <ptr target="JARNÍK – BÂRSEANU, D. JARNÍK – BÂRSEANU, D.2 (DA) IARNÍK – BÂRSEANU, D. | JARNÍK – BÂRSEANU, Doine"/>
                                <date>1885</date>
                                <citedRange>174</citedRange>
                            </bibl>
                        </cit>
                        <cit>
                            <quote>De cându-s la blidul tău, Bătută-s de Dumnezeu.</quote>
                            <bibl type="unknown">
                                <ptr target="JARNÍK – BÂRSEANU, D. JARNÍK – BÂRSEANU, D.2 (DA) IARNÍK – BÂRSEANU, D. | JARNÍK – BÂRSEANU, Doine"/>
                                <date>1885</date>
                                <citedRange>184</citedRange>
                            </bibl>
                        </cit>
                        <cit>
                            <quote>Nu mă mai amărî şi tu, că-s destul eu de bătut de Dumnezeu. </quote>
                            <bibl type="unknown">
                                <ptr target="SADOVEANU, D. SADOVEANU, O. I | SADOVEANU, Dureri"/>
                                <date>1904</date>
                                <citedRange>374</citedRange>
                            </bibl>
                        </cit>
                        <cit>
                            <quote/>
                            <bibl type="cf.">
                                <ptr target="DL | DL I"/>
                                <date/>
                                <citedRange/>
                            </bibl>
                        </cit>
                        <cit>
                            <quote/>
                            <bibl type="cf.">
                                <ptr target="DM | DM"/>
                                <date/>
                                <citedRange/>
                            </bibl>
                        </cit>
                        <cit>
                            <quote/>
                            <bibl type="cf.">
                                <ptr target="DEX | DEX"/>
                                <date/>
                                <citedRange/>
                            </bibl>
                        </cit>
                    </sense>
                    <sense xml:id="uuid-ef57fbe8-fb26-4f6c-8c56-6f9d829122fe" n="◊">
                        <form type="unitate-semantică-subsumată">
                            <idno n="tip-unitate-semantică-subsumată" type="phrase"/>
                            <term>Până (când ajungi) la Dumnezeu te mănâncă sfinţii </term>
                        </form>
                        <form type="unitate-semantică-subsumată">
                            <idno n="tip-unitate-semantică-subsumată" type="phrase"/>
                            <term>Până (când ajungi) la Dumnezeu te omoară sfinţii </term>
                        </form>
                        <form type="unitate-semantică-subsumată">
                            <idno n="tip-unitate-semantică-subsumată" type="phrase"/>
                            <term>Până (când ajungi) la Dumnezeu te fură sfinţii </term>
                        </form>
                        <form type="unitate-semantică-subsumată">
                            <idno n="tip-unitate-semantică-subsumată" type="phrase"/>
                            <term>Până (când ajungi) la Dumnezeu îţi iau sufletul sfinţii </term>
                        </form>
                        <def xml:id="uuid-f08730c5-1a3b-45e9-8359-37300a250c77"/>
                        <ptr type="trimitere" target="sfânt (3)" corresp="#uuid-f08730c5-1a3b-45e9-8359-37300a250c77"/>
                        <cit>
                            <quote/>
                            <bibl type="unknown">
                                <ptr target="unknown"/>
                                <date/>
                                <citedRange/>
                            </bibl>
                        </cit>
                    </sense>
                    <sense xml:id="uuid-309318c3-7ef6-4091-9164-f79c9f4fd5d0" n="◊">
                        <form type="unitate-semantică-subsumată">
                            <idno n="tip-unitate-semantică-subsumată" type="phrase"/>
                            <term>(Doamne) Dumnezeule!</term>
                        </form>
                        <def xml:id="uuid-1adf4937-4e84-46ef-98e8-6936c9896c40">invocare a divinităţii, în exclamaţii de uimire, de spaimă, de
                            durere, de bucurie etc</def>
                        <cit>
                            <quote>Ah, Dumnezeule sfinte! Prea mult am întârziat .</quote>
                            <bibl type="unknown">
                                <ptr target="BELDIMAN, A. | BELDIMAN, M. Avel – T."/>
                                <date>1818</date>
                                <citedRange>36/22</citedRange>
                            </bibl>
                        </cit>
                        <cit>
                            <quote/>
                            <bibl type="unknown">
                                <ptr target="DRĂGHICI, R. | DRĂGHICI, Robinson – T. I"/>
                                <date>1835</date>
                                <citedRange>7/16</citedRange>
                            </bibl>
                        </cit>
                        <cit>
                            <quote/>
                            <bibl type="cf.">
                                <ptr target="CADE | CADE I"/>
                                <date/>
                                <citedRange/>
                            </bibl>
                        </cit>
                        <cit>
                            <quote/>
                            <bibl type="cf.">
                                <ptr target="DL | DL I"/>
                                <date/>
                                <citedRange/>
                            </bibl>
                        </cit>
                        <cit>
                            <quote/>
                            <bibl type="cf.">
                                <ptr target="DM | DM"/>
                                <date/>
                                <citedRange/>
                            </bibl>
                        </cit>
                        <cit>
                            <quote/>
                            <bibl type="cf.">
                                <ptr target="DEX | DEX"/>
                                <date/>
                                <citedRange/>
                            </bibl>
                        </cit>
                    </sense>
                </dictScrap>
                <dictScrap xml:id="dex-senses">
                    <sense xml:id="uuid-5a7584bf-809c-4342-868e-b8fc1476d143" n="">
                        <def xml:id="uuid-72b9c3eb-4273-49db-b6f3-98654eed5654"/>
                        <cit>
                            <quote/>
                            <bibl type="unknown">
                                <ptr target="unknown"/>
                                <date/>
                                <citedRange/>
                            </bibl>
                        </cit>
                    </sense>
                </dictScrap>
                <etym cert="high">
                    <idno type="unknown"/>
                </etym>
            </entry>
        </body>
    </text>
</TEI>