<TEI xmlns="http://www.tei-c.org/ns/1.0" xml:id="uuid-79fe953c-fde6-462a-bf20-ca5d58a90f5e" version="3.3.0" source="0.18">
    <teiHeader>
        <fileDesc>
            <titleStmt>
                <title/>
                <author/>
                <editor role="reviewer"/>
            </titleStmt>
            <publicationStmt>
                <publisher>Linguistic Institute of the Romanian Academy</publisher>
            </publicationStmt>
            <sourceDesc>
                <p>born digital</p>
            </sourceDesc>
        </fileDesc>
        <profileDesc>
            <creation>
                <date when-iso="2017-10-30T15:22:12+0200"/>
            </creation>
        </profileDesc>
    </teiHeader>
    <text type="editing-mode-dlr">
        <body>
            <entry>
                <form type="headword">
                    <orth n=""/><stress xml:lang="ro-x-accent-upcase-vowels"/>
                    <syll/>
                    <pron/>
                </form>
                <gramGrp>
                    <pos value=""/>
                </gramGrp>
                <dictScrap xml:id="dlr-senses">
                    <sense xml:id="uuid-970c1baf-762d-43d6-87a2-ee1dd808c02b" n="">
                        <def xml:id="uuid-f8b21928-a223-4b4f-bab2-b10ceadde12c"/>
                        <cit>
                            <quote/>
                            <bibl type="unknown">
                                <ptr target="unknown"/>
                                <date/>
                                <citedRange/>
                            </bibl>
                        </cit>
                    </sense>
                </dictScrap>
                <dictScrap xml:id="dex-senses">
                    <sense xml:id="uuid-c58a05b9-fe86-45e7-bfa7-5a80e31a47f2" n="">
                        <def xml:id="uuid-8c58faef-817a-4847-92b1-8240a3b85695"/>
                        <cit>
                            <quote/>
                            <bibl type="unknown">
                                <ptr target="unknown"/>
                                <date/>
                                <citedRange/>
                            </bibl>
                        </cit>
                    </sense>
                </dictScrap>
                <form type="grammatical-information">
                    <idno type="grammatical-information-type-for-adj-et-al"/>
                    <idno type="grammatical-information-subtype-for-pl"/>
                    <form type="grammatical-information-for-plural" corresp="">
                        <number>măciuci</number>
                    </form>
                    <form type="grammatical-information-for-plural" corresp="">
                        <number>măciuce</number>
                        <usg type="geo" value="regional" rend=""/>
                    </form>
                </form>
                <re type="lexical-variant-section">
                    <def xml:id="uuid-a2b06c4a-d019-4a8e-866d-d32d9bf1a29c">măcioácă</def>
                    <gramGrp>
                        <pos value="s."/>
                        <gen value="f."/>
                        <number value=""/>
                        <case value=""/>
                        <subc value=""/>
                    </gramGrp>
                </re>
                <re type="lexical-variant-section">
                    <usg type="geo" value="regional" rend=""/>
                    <bibl type="unknown">
                        <ptr target="LB | LB"/>
                        <date/>
                        <citedRange/>
                    </bibl>
                    <def xml:id="uuid-f3df150d-24e5-4f3e-8987-b66fbe1d2ef0">mocioácă</def>
                    <gramGrp>
                        <pos value="s."/>
                        <gen value="f."/>
                        <number value=""/>
                        <case value=""/>
                        <subc value=""/>
                    </gramGrp>
                </re>
                <re type="lexical-variant-section">
                    <bibl type="unknown">
                        <ptr target="ALR II | ALR II II"/>
                        <date/>
                        <citedRange>4 952/130</citedRange>
                    </bibl>
                    <def xml:id="uuid-790f15b5-0041-4eab-a2a6-c611e772c540">mociiúcă</def>
                    <gramGrp>
                        <pos value="s."/>
                        <gen value="f."/>
                        <number value=""/>
                        <case value=""/>
                        <subc value=""/>
                    </gramGrp>
                </re>
                <etym cert="high">
                    <idno type="unknown"/>
                </etym>
            </entry>
        </body>
    </text>
</TEI>